{"/Users/cuong.hoang/Desktop/untitled folder/exercise-1.js": {"path":"/Users/cuong.hoang/Desktop/untitled folder/exercise-1.js","statementMap":{"0":{"start":{"line":1,"column":14},"end":{"line":14,"column":1}},"1":{"start":{"line":16,"column":11},"end":{"line":16,"column":23}},"2":{"start":{"line":19,"column":4},"end":{"line":21,"column":5}},"3":{"start":{"line":20,"column":8},"end":{"line":20,"column":49}},"4":{"start":{"line":22,"column":4},"end":{"line":24,"column":5}},"5":{"start":{"line":23,"column":8},"end":{"line":23,"column":39}},"6":{"start":{"line":25,"column":4},"end":{"line":25,"column":67}},"7":{"start":{"line":25,"column":37},"end":{"line":25,"column":55}},"8":{"start":{"line":28,"column":8},"end":{"line":28,"column":18}},"9":{"start":{"line":31,"column":4},"end":{"line":37,"column":5}},"10":{"start":{"line":32,"column":8},"end":{"line":32,"column":47}},"11":{"start":{"line":34,"column":27},"end":{"line":34,"column":45}},"12":{"start":{"line":35,"column":28},"end":{"line":35,"column":71}},"13":{"start":{"line":35,"column":52},"end":{"line":35,"column":70}},"14":{"start":{"line":36,"column":8},"end":{"line":36,"column":39}},"15":{"start":{"line":41,"column":18},"end":{"line":41,"column":20}},"16":{"start":{"line":43,"column":4},"end":{"line":50,"column":7}},"17":{"start":{"line":44,"column":8},"end":{"line":44,"column":28}},"18":{"start":{"line":45,"column":8},"end":{"line":49,"column":10}},"19":{"start":{"line":46,"column":12},"end":{"line":48,"column":13}},"20":{"start":{"line":47,"column":16},"end":{"line":47,"column":50}},"21":{"start":{"line":52,"column":4},"end":{"line":52,"column":19}},"22":{"start":{"line":55,"column":0},"end":{"line":55,"column":33}}},"fnMap":{"0":{"name":"store","decl":{"start":{"line":18,"column":9},"end":{"line":18,"column":14}},"loc":{"start":{"line":18,"column":18},"end":{"line":26,"column":1}},"line":18},"1":{"name":"(anonymous_1)","decl":{"start":{"line":25,"column":30},"end":{"line":25,"column":31}},"loc":{"start":{"line":25,"column":37},"end":{"line":25,"column":55}},"line":25},"2":{"name":"load","decl":{"start":{"line":30,"column":9},"end":{"line":30,"column":13}},"loc":{"start":{"line":30,"column":22},"end":{"line":38,"column":1}},"line":30},"3":{"name":"(anonymous_3)","decl":{"start":{"line":35,"column":45},"end":{"line":35,"column":46}},"loc":{"start":{"line":35,"column":52},"end":{"line":35,"column":70}},"line":35},"4":{"name":"addArray","decl":{"start":{"line":40,"column":9},"end":{"line":40,"column":17}},"loc":{"start":{"line":40,"column":23},"end":{"line":53,"column":1}},"line":40},"5":{"name":"(anonymous_5)","decl":{"start":{"line":43,"column":12},"end":{"line":43,"column":13}},"loc":{"start":{"line":43,"column":36},"end":{"line":50,"column":5}},"line":43},"6":{"name":"(anonymous_6)","decl":{"start":{"line":45,"column":25},"end":{"line":45,"column":26}},"loc":{"start":{"line":45,"column":39},"end":{"line":49,"column":9}},"line":45}},"branchMap":{"0":{"loc":{"start":{"line":19,"column":4},"end":{"line":21,"column":5}},"type":"if","locations":[{"start":{"line":19,"column":4},"end":{"line":21,"column":5}},{"start":{"line":19,"column":4},"end":{"line":21,"column":5}}],"line":19},"1":{"loc":{"start":{"line":22,"column":4},"end":{"line":24,"column":5}},"type":"if","locations":[{"start":{"line":22,"column":4},"end":{"line":24,"column":5}},{"start":{"line":22,"column":4},"end":{"line":24,"column":5}}],"line":22},"2":{"loc":{"start":{"line":22,"column":8},"end":{"line":22,"column":42}},"type":"binary-expr","locations":[{"start":{"line":22,"column":8},"end":{"line":22,"column":30}},{"start":{"line":22,"column":34},"end":{"line":22,"column":42}}],"line":22},"3":{"loc":{"start":{"line":31,"column":4},"end":{"line":37,"column":5}},"type":"if","locations":[{"start":{"line":31,"column":4},"end":{"line":37,"column":5}},{"start":{"line":31,"column":4},"end":{"line":37,"column":5}}],"line":31},"4":{"loc":{"start":{"line":46,"column":12},"end":{"line":48,"column":13}},"type":"if","locations":[{"start":{"line":46,"column":12},"end":{"line":48,"column":13}},{"start":{"line":46,"column":12},"end":{"line":48,"column":13}}],"line":46}},"s":{"0":1,"1":1,"2":8,"3":1,"4":7,"5":2,"6":5,"7":9,"8":1,"9":3,"10":1,"11":2,"12":2,"13":5,"14":2,"15":2,"16":2,"17":5,"18":5,"19":18,"20":9,"21":2,"22":1},"f":{"0":8,"1":9,"2":3,"3":5,"4":2,"5":5,"6":18},"b":{"0":[1,7],"1":[2,5],"2":[7,7],"3":[1,2],"4":[9,9]},"_coverageSchema":"43e27e138ebf9cfc5966b082cf9a028302ed4184","hash":"0c086367b696c0499c21a0bda371a3a25005c0ec"}
,"/Users/cuong.hoang/Desktop/untitled folder/exercise-2.js": {"path":"/Users/cuong.hoang/Desktop/untitled folder/exercise-2.js","statementMap":{"0":{"start":{"line":2,"column":4},"end":{"line":2,"column":22}},"1":{"start":{"line":3,"column":4},"end":{"line":3,"column":26}},"2":{"start":{"line":6,"column":0},"end":{"line":8,"column":1}},"3":{"start":{"line":7,"column":4},"end":{"line":7,"column":30}},"4":{"start":{"line":10,"column":0},"end":{"line":12,"column":1}},"5":{"start":{"line":11,"column":4},"end":{"line":11,"column":40}},"6":{"start":{"line":14,"column":0},"end":{"line":16,"column":1}},"7":{"start":{"line":15,"column":4},"end":{"line":15,"column":38}},"8":{"start":{"line":18,"column":0},"end":{"line":25,"column":1}},"9":{"start":{"line":19,"column":18},"end":{"line":19,"column":43}},"10":{"start":{"line":20,"column":20},"end":{"line":20,"column":22}},"11":{"start":{"line":21,"column":4},"end":{"line":24,"column":5}},"12":{"start":{"line":21,"column":17},"end":{"line":21,"column":18}},"13":{"start":{"line":22,"column":21},"end":{"line":22,"column":29}},"14":{"start":{"line":23,"column":8},"end":{"line":23,"column":37}},"15":{"start":{"line":27,"column":0},"end":{"line":38,"column":1}},"16":{"start":{"line":28,"column":4},"end":{"line":37,"column":5}},"17":{"start":{"line":29,"column":8},"end":{"line":29,"column":31}},"18":{"start":{"line":31,"column":26},"end":{"line":31,"column":46}},"19":{"start":{"line":33,"column":8},"end":{"line":36,"column":9}},"20":{"start":{"line":33,"column":21},"end":{"line":33,"column":22}},"21":{"start":{"line":34,"column":29},"end":{"line":34,"column":41}},"22":{"start":{"line":35,"column":12},"end":{"line":35,"column":45}},"23":{"start":{"line":40,"column":0},"end":{"line":54,"column":1}},"24":{"start":{"line":41,"column":23},"end":{"line":41,"column":48}},"25":{"start":{"line":42,"column":20},"end":{"line":42,"column":22}},"26":{"start":{"line":43,"column":21},"end":{"line":43,"column":23}},"27":{"start":{"line":45,"column":4},"end":{"line":51,"column":5}},"28":{"start":{"line":45,"column":17},"end":{"line":45,"column":18}},"29":{"start":{"line":46,"column":21},"end":{"line":46,"column":34}},"30":{"start":{"line":48,"column":8},"end":{"line":50,"column":9}},"31":{"start":{"line":49,"column":12},"end":{"line":49,"column":38}},"32":{"start":{"line":53,"column":4},"end":{"line":53,"column":22}},"33":{"start":{"line":56,"column":0},"end":{"line":78,"column":1}},"34":{"start":{"line":57,"column":4},"end":{"line":74,"column":5}},"35":{"start":{"line":58,"column":8},"end":{"line":58,"column":31}},"36":{"start":{"line":59,"column":8},"end":{"line":59,"column":32}},"37":{"start":{"line":61,"column":30},"end":{"line":61,"column":50}},"38":{"start":{"line":63,"column":8},"end":{"line":73,"column":9}},"39":{"start":{"line":63,"column":21},"end":{"line":63,"column":22}},"40":{"start":{"line":64,"column":32},"end":{"line":64,"column":48}},"41":{"start":{"line":66,"column":12},"end":{"line":66,"column":64}},"42":{"start":{"line":68,"column":12},"end":{"line":72,"column":13}},"43":{"start":{"line":69,"column":16},"end":{"line":69,"column":28}},"44":{"start":{"line":70,"column":19},"end":{"line":72,"column":13}},"45":{"start":{"line":71,"column":16},"end":{"line":71,"column":28}},"46":{"start":{"line":76,"column":4},"end":{"line":76,"column":29}},"47":{"start":{"line":77,"column":4},"end":{"line":77,"column":17}},"48":{"start":{"line":80,"column":0},"end":{"line":101,"column":1}},"49":{"start":{"line":81,"column":20},"end":{"line":81,"column":21}},"50":{"start":{"line":82,"column":14},"end":{"line":82,"column":15}},"51":{"start":{"line":83,"column":18},"end":{"line":83,"column":43}},"52":{"start":{"line":85,"column":4},"end":{"line":100,"column":5}},"53":{"start":{"line":85,"column":17},"end":{"line":85,"column":18}},"54":{"start":{"line":86,"column":28},"end":{"line":86,"column":36}},"55":{"start":{"line":88,"column":8},"end":{"line":88,"column":45}},"56":{"start":{"line":90,"column":30},"end":{"line":90,"column":55}},"57":{"start":{"line":92,"column":8},"end":{"line":96,"column":9}},"58":{"start":{"line":92,"column":21},"end":{"line":92,"column":22}},"59":{"start":{"line":93,"column":29},"end":{"line":93,"column":45}},"60":{"start":{"line":95,"column":12},"end":{"line":95,"column":46}},"61":{"start":{"line":98,"column":8},"end":{"line":98,"column":40}},"62":{"start":{"line":98,"column":29},"end":{"line":98,"column":40}},"63":{"start":{"line":99,"column":8},"end":{"line":99,"column":25}},"64":{"start":{"line":103,"column":0},"end":{"line":103,"column":23}}},"fnMap":{"0":{"name":"Graph","decl":{"start":{"line":1,"column":9},"end":{"line":1,"column":14}},"loc":{"start":{"line":1,"column":17},"end":{"line":4,"column":1}},"line":1},"1":{"name":"(anonymous_1)","decl":{"start":{"line":6,"column":28},"end":{"line":6,"column":29}},"loc":{"start":{"line":6,"column":45},"end":{"line":8,"column":1}},"line":6},"2":{"name":"(anonymous_2)","decl":{"start":{"line":10,"column":26},"end":{"line":10,"column":27}},"loc":{"start":{"line":10,"column":53},"end":{"line":12,"column":1}},"line":10},"3":{"name":"(anonymous_3)","decl":{"start":{"line":14,"column":28},"end":{"line":14,"column":29}},"loc":{"start":{"line":14,"column":53},"end":{"line":16,"column":1}},"line":14},"4":{"name":"(anonymous_4)","decl":{"start":{"line":18,"column":22},"end":{"line":18,"column":23}},"loc":{"start":{"line":18,"column":33},"end":{"line":25,"column":1}},"line":18},"5":{"name":"(anonymous_5)","decl":{"start":{"line":27,"column":27},"end":{"line":27,"column":28}},"loc":{"start":{"line":27,"column":53},"end":{"line":38,"column":1}},"line":27},"6":{"name":"(anonymous_6)","decl":{"start":{"line":40,"column":30},"end":{"line":40,"column":31}},"loc":{"start":{"line":40,"column":41},"end":{"line":54,"column":1}},"line":40},"7":{"name":"(anonymous_7)","decl":{"start":{"line":56,"column":35},"end":{"line":56,"column":36}},"loc":{"start":{"line":56,"column":71},"end":{"line":78,"column":1}},"line":56},"8":{"name":"(anonymous_8)","decl":{"start":{"line":80,"column":32},"end":{"line":80,"column":33}},"loc":{"start":{"line":80,"column":43},"end":{"line":101,"column":1}},"line":80}},"branchMap":{"0":{"loc":{"start":{"line":28,"column":4},"end":{"line":37,"column":5}},"type":"if","locations":[{"start":{"line":28,"column":4},"end":{"line":37,"column":5}},{"start":{"line":28,"column":4},"end":{"line":37,"column":5}}],"line":28},"1":{"loc":{"start":{"line":48,"column":8},"end":{"line":50,"column":9}},"type":"if","locations":[{"start":{"line":48,"column":8},"end":{"line":50,"column":9}},{"start":{"line":48,"column":8},"end":{"line":50,"column":9}}],"line":48},"2":{"loc":{"start":{"line":57,"column":4},"end":{"line":74,"column":5}},"type":"if","locations":[{"start":{"line":57,"column":4},"end":{"line":74,"column":5}},{"start":{"line":57,"column":4},"end":{"line":74,"column":5}}],"line":57},"3":{"loc":{"start":{"line":68,"column":12},"end":{"line":72,"column":13}},"type":"if","locations":[{"start":{"line":68,"column":12},"end":{"line":72,"column":13}},{"start":{"line":68,"column":12},"end":{"line":72,"column":13}}],"line":68},"4":{"loc":{"start":{"line":68,"column":16},"end":{"line":68,"column":94}},"type":"binary-expr","locations":[{"start":{"line":68,"column":16},"end":{"line":68,"column":37}},{"start":{"line":68,"column":41},"end":{"line":68,"column":94}}],"line":68},"5":{"loc":{"start":{"line":70,"column":19},"end":{"line":72,"column":13}},"type":"if","locations":[{"start":{"line":70,"column":19},"end":{"line":72,"column":13}},{"start":{"line":70,"column":19},"end":{"line":72,"column":13}}],"line":70},"6":{"loc":{"start":{"line":98,"column":8},"end":{"line":98,"column":40}},"type":"if","locations":[{"start":{"line":98,"column":8},"end":{"line":98,"column":40}},{"start":{"line":98,"column":8},"end":{"line":98,"column":40}}],"line":98}},"s":{"0":6,"1":6,"2":1,"3":18,"4":1,"5":19,"6":1,"7":3,"8":1,"9":1,"10":1,"11":1,"12":1,"13":3,"14":3,"15":1,"16":4,"17":3,"18":3,"19":3,"20":3,"21":3,"22":3,"23":1,"24":2,"25":2,"26":2,"27":2,"28":2,"29":4,"30":4,"31":1,"32":1,"33":1,"34":8,"35":6,"36":6,"37":6,"38":6,"39":6,"40":6,"41":6,"42":6,"43":2,"44":4,"45":1,"46":5,"47":5,"48":1,"49":2,"50":2,"51":2,"52":2,"53":2,"54":2,"55":2,"56":2,"57":2,"58":2,"59":4,"60":4,"61":2,"62":1,"63":1,"64":1},"f":{"0":6,"1":18,"2":19,"3":3,"4":1,"5":4,"6":2,"7":8,"8":2},"b":{"0":[3,1],"1":[1,3],"2":[6,2],"3":[2,4],"4":[6,4],"5":[1,3],"6":[1,1]},"_coverageSchema":"43e27e138ebf9cfc5966b082cf9a028302ed4184","hash":"e65cb1cc7e497b3b2b9b003b18abb9ec1f011d15"}
,"/Users/cuong.hoang/Desktop/untitled folder/exercise-3.js": {"path":"/Users/cuong.hoang/Desktop/untitled folder/exercise-3.js","statementMap":{"0":{"start":{"line":1,"column":23},"end":{"line":1,"column":26}},"1":{"start":{"line":2,"column":24},"end":{"line":2,"column":25}},"2":{"start":{"line":3,"column":21},"end":{"line":8,"column":1}},"3":{"start":{"line":10,"column":31},"end":{"line":15,"column":1}},"4":{"start":{"line":18,"column":4},"end":{"line":18,"column":20}},"5":{"start":{"line":19,"column":4},"end":{"line":19,"column":20}},"6":{"start":{"line":20,"column":4},"end":{"line":20,"column":30}},"7":{"start":{"line":23,"column":0},"end":{"line":29,"column":1}},"8":{"start":{"line":24,"column":4},"end":{"line":26,"column":5}},"9":{"start":{"line":25,"column":8},"end":{"line":25,"column":30}},"10":{"start":{"line":28,"column":4},"end":{"line":28,"column":30}},"11":{"start":{"line":31,"column":0},"end":{"line":33,"column":1}},"12":{"start":{"line":32,"column":4},"end":{"line":32,"column":23}},"13":{"start":{"line":35,"column":0},"end":{"line":55,"column":1}},"14":{"start":{"line":36,"column":25},"end":{"line":36,"column":113}},"15":{"start":{"line":36,"column":77},"end":{"line":36,"column":112}},"16":{"start":{"line":38,"column":4},"end":{"line":54,"column":5}},"17":{"start":{"line":39,"column":31},"end":{"line":39,"column":32}},"18":{"start":{"line":40,"column":36},"end":{"line":40,"column":37}},"19":{"start":{"line":41,"column":25},"end":{"line":41,"column":46}},"20":{"start":{"line":42,"column":36},"end":{"line":42,"column":106}},"21":{"start":{"line":42,"column":60},"end":{"line":42,"column":105}},"22":{"start":{"line":44,"column":8},"end":{"line":46,"column":11}},"23":{"start":{"line":45,"column":12},"end":{"line":45,"column":58}},"24":{"start":{"line":48,"column":8},"end":{"line":50,"column":11}},"25":{"start":{"line":49,"column":12},"end":{"line":49,"column":53}},"26":{"start":{"line":52,"column":8},"end":{"line":52,"column":80}},"27":{"start":{"line":53,"column":8},"end":{"line":53,"column":35}},"28":{"start":{"line":57,"column":0},"end":{"line":75,"column":1}},"29":{"start":{"line":58,"column":4},"end":{"line":74,"column":5}},"30":{"start":{"line":59,"column":38},"end":{"line":59,"column":85}},"31":{"start":{"line":60,"column":33},"end":{"line":60,"column":75}},"32":{"start":{"line":61,"column":23},"end":{"line":61,"column":24}},"33":{"start":{"line":63,"column":8},"end":{"line":67,"column":9}},"34":{"start":{"line":64,"column":12},"end":{"line":64,"column":88}},"35":{"start":{"line":66,"column":12},"end":{"line":66,"column":75}},"36":{"start":{"line":69,"column":8},"end":{"line":73,"column":10}},"37":{"start":{"line":77,"column":0},"end":{"line":77,"column":34}}},"fnMap":{"0":{"name":"NetPayableAmount","decl":{"start":{"line":17,"column":9},"end":{"line":17,"column":25}},"loc":{"start":{"line":17,"column":28},"end":{"line":21,"column":1}},"line":17},"1":{"name":"(anonymous_1)","decl":{"start":{"line":23,"column":37},"end":{"line":23,"column":38}},"loc":{"start":{"line":23,"column":55},"end":{"line":29,"column":1}},"line":23},"2":{"name":"(anonymous_2)","decl":{"start":{"line":31,"column":38},"end":{"line":31,"column":39}},"loc":{"start":{"line":31,"column":54},"end":{"line":33,"column":1}},"line":31},"3":{"name":"(anonymous_3)","decl":{"start":{"line":35,"column":49},"end":{"line":35,"column":50}},"loc":{"start":{"line":35,"column":60},"end":{"line":55,"column":1}},"line":35},"4":{"name":"(anonymous_4)","decl":{"start":{"line":36,"column":68},"end":{"line":36,"column":69}},"loc":{"start":{"line":36,"column":77},"end":{"line":36,"column":112}},"line":36},"5":{"name":"(anonymous_5)","decl":{"start":{"line":42,"column":52},"end":{"line":42,"column":53}},"loc":{"start":{"line":42,"column":60},"end":{"line":42,"column":105}},"line":42},"6":{"name":"(anonymous_6)","decl":{"start":{"line":44,"column":21},"end":{"line":44,"column":22}},"loc":{"start":{"line":44,"column":29},"end":{"line":46,"column":9}},"line":44},"7":{"name":"(anonymous_7)","decl":{"start":{"line":48,"column":32},"end":{"line":48,"column":33}},"loc":{"start":{"line":48,"column":40},"end":{"line":50,"column":9}},"line":48},"8":{"name":"(anonymous_8)","decl":{"start":{"line":57,"column":49},"end":{"line":57,"column":50}},"loc":{"start":{"line":57,"column":60},"end":{"line":75,"column":1}},"line":57}},"branchMap":{"0":{"loc":{"start":{"line":24,"column":4},"end":{"line":26,"column":5}},"type":"if","locations":[{"start":{"line":24,"column":4},"end":{"line":26,"column":5}},{"start":{"line":24,"column":4},"end":{"line":26,"column":5}}],"line":24},"1":{"loc":{"start":{"line":63,"column":8},"end":{"line":67,"column":9}},"type":"if","locations":[{"start":{"line":63,"column":8},"end":{"line":67,"column":9}},{"start":{"line":63,"column":8},"end":{"line":67,"column":9}}],"line":63}},"s":{"0":1,"1":1,"2":1,"3":1,"4":3,"5":3,"6":3,"7":1,"8":3,"9":2,"10":3,"11":1,"12":2,"13":1,"14":2,"15":8,"16":2,"17":2,"18":2,"19":2,"20":2,"21":4,"22":2,"23":4,"24":2,"25":2,"26":2,"27":2,"28":1,"29":2,"30":2,"31":2,"32":2,"33":2,"34":1,"35":1,"36":2,"37":1},"f":{"0":3,"1":3,"2":2,"3":2,"4":8,"5":4,"6":4,"7":2,"8":2},"b":{"0":[2,1],"1":[1,1]},"_coverageSchema":"43e27e138ebf9cfc5966b082cf9a028302ed4184","hash":"1c04805ff7702ee4fd55f691e4672bf874d15ac7"}
}
