TN:
SF:/Users/cuong.hoang/Desktop/Indigo-test-exercises/exercise-1.js
FN:18,store
FN:25,(anonymous_1)
FN:30,load
FN:40,_splitBreakLineUtils
FN:44,_splitKeyValueUtils
FN:45,(anonymous_5)
FN:48,storeKeyValueToArray
FN:51,(anonymous_7)
FN:53,(anonymous_8)
FNF:9
FNH:9
FNDA:8,store
FNDA:9,(anonymous_1)
FNDA:3,load
FNDA:2,_splitBreakLineUtils
FNDA:2,_splitKeyValueUtils
FNDA:5,(anonymous_5)
FNDA:2,storeKeyValueToArray
FNDA:5,(anonymous_7)
FNDA:18,(anonymous_8)
DA:1,1
DA:16,1
DA:19,8
DA:20,1
DA:22,7
DA:23,2
DA:25,9
DA:28,1
DA:31,3
DA:32,1
DA:34,2
DA:35,2
DA:36,2
DA:41,2
DA:45,5
DA:49,2
DA:51,2
DA:52,5
DA:53,5
DA:54,18
DA:55,9
DA:60,2
DA:63,1
LF:23
LH:23
BRDA:19,0,0,1
BRDA:19,0,1,7
BRDA:22,1,0,2
BRDA:22,1,1,5
BRDA:22,2,0,7
BRDA:22,2,1,7
BRDA:31,3,0,1
BRDA:31,3,1,2
BRDA:54,4,0,9
BRDA:54,4,1,9
BRF:10
BRH:10
end_of_record
TN:
SF:/Users/cuong.hoang/Desktop/Indigo-test-exercises/exercise-2.js
FN:1,Graph
FN:6,(anonymous_1)
FN:10,(anonymous_2)
FN:14,(anonymous_3)
FN:18,(anonymous_4)
FN:27,(anonymous_5)
FN:40,(anonymous_6)
FN:56,(anonymous_7)
FN:80,(anonymous_8)
FNF:9
FNH:9
FNDA:6,Graph
FNDA:18,(anonymous_1)
FNDA:19,(anonymous_2)
FNDA:3,(anonymous_3)
FNDA:1,(anonymous_4)
FNDA:4,(anonymous_5)
FNDA:2,(anonymous_6)
FNDA:8,(anonymous_7)
FNDA:2,(anonymous_8)
DA:2,6
DA:3,6
DA:6,1
DA:7,18
DA:10,1
DA:11,19
DA:14,1
DA:15,3
DA:18,1
DA:19,1
DA:20,1
DA:21,1
DA:22,3
DA:23,3
DA:27,1
DA:28,4
DA:29,3
DA:31,3
DA:33,3
DA:34,3
DA:35,3
DA:40,1
DA:41,2
DA:42,2
DA:43,2
DA:45,2
DA:46,4
DA:48,4
DA:49,1
DA:53,1
DA:56,1
DA:57,8
DA:58,6
DA:59,6
DA:61,6
DA:63,6
DA:64,6
DA:66,6
DA:68,6
DA:69,2
DA:70,4
DA:71,1
DA:76,5
DA:77,5
DA:80,1
DA:81,2
DA:82,2
DA:83,2
DA:85,2
DA:86,2
DA:88,2
DA:90,2
DA:92,2
DA:93,4
DA:95,4
DA:98,2
DA:99,1
DA:103,1
LF:58
LH:58
BRDA:28,0,0,3
BRDA:28,0,1,1
BRDA:48,1,0,1
BRDA:48,1,1,3
BRDA:57,2,0,6
BRDA:57,2,1,2
BRDA:68,3,0,2
BRDA:68,3,1,4
BRDA:68,4,0,6
BRDA:68,4,1,4
BRDA:70,5,0,1
BRDA:70,5,1,3
BRDA:98,6,0,1
BRDA:98,6,1,1
BRF:14
BRH:14
end_of_record
TN:
SF:/Users/cuong.hoang/Desktop/Indigo-test-exercises/exercise-3.js
FN:17,NetPayableAmount
FN:23,(anonymous_1)
FN:31,(anonymous_2)
FN:35,(anonymous_3)
FN:36,(anonymous_4)
FN:42,(anonymous_5)
FN:44,(anonymous_6)
FN:48,(anonymous_7)
FN:59,(anonymous_8)
FNF:9
FNH:9
FNDA:3,NetPayableAmount
FNDA:3,(anonymous_1)
FNDA:2,(anonymous_2)
FNDA:2,(anonymous_3)
FNDA:8,(anonymous_4)
FNDA:4,(anonymous_5)
FNDA:4,(anonymous_6)
FNDA:2,(anonymous_7)
FNDA:2,(anonymous_8)
DA:1,1
DA:2,1
DA:3,1
DA:10,1
DA:18,3
DA:19,3
DA:20,3
DA:23,1
DA:24,3
DA:25,2
DA:28,3
DA:31,1
DA:32,2
DA:35,1
DA:36,8
DA:38,2
DA:39,2
DA:40,2
DA:41,2
DA:42,4
DA:44,2
DA:45,4
DA:48,2
DA:49,2
DA:52,2
DA:53,2
DA:55,2
DA:59,1
DA:60,2
DA:61,2
DA:62,2
DA:63,2
DA:65,2
DA:66,1
DA:68,1
DA:71,2
DA:79,1
LF:37
LH:37
BRDA:24,0,0,2
BRDA:24,0,1,1
BRDA:65,1,0,1
BRDA:65,1,1,1
BRF:4
BRH:4
end_of_record
